<?xml version="1.0" encoding="UTF-8"?>
<!-- Generated by org.testng.reporters.JUnitReportReporter -->
<testsuite hostname="Praveenk-MacBook-Pro.local" failures="0" tests="2" name="test.TestClass" time="1.869" errors="0" timestamp="2024-10-22T23:22:00 IST" skipped="0">
  <testcase classname="test.TestClass" name="test_createObject" time="1.869"/>
  <testcase classname="test.TestClass" name="test_validateObjectId" time="0.000"/>
</testsuite> <!-- test.TestClass -->
